=~=~=~=~=~=~=~=~=~=~=~= PuTTY log 2025.06.19 13:28:36 =~=~=~=~=~=~=~=~=~=~=~=
Tiempo,Estado,Potencia,Termocupla
10,0,100,21
20,0,100,21
30,0,100,18
40,0,100,17
50,0,100,21
60,0,100,30
70,0,100,40
80,0,100,54
90,0,100,69
100,0,100,85
110,0,100,101
120,0,100,118
130,0,100,135
140,0,100,151
150,0,100,167
160,0,100,182
170,0,100,196
180,0,100,210
190,0,100,222
200,0,100,235
210,0,100,247
220,0,100,257
230,0,100,267
240,0,100,276
250,0,100,285
260,0,100,292
270,0,100,300
280,0,100,306
290,0,100,313
300,0,100,319
310,0,100,324
320,0,100,329
330,0,100,334
340,0,100,339
350,0,100,344
360,0,100,348
370,0,100,352
380,0,100,356
390,0,100,360
400,0,100,364
410,0,100,367
420,0,100,371
430,0,100,374
440,0,100,377
450,0,100,380
460,0,100,383
470,0,100,386
480,0,100,389
490,0,100,392
500,0,100,395
510,0,100,398
520,0,100,400
530,0,100,403
540,0,100,405
550,0,100,408
560,0,100,410
570,0,100,412
580,0,100,414
590,0,100,417
600,0,100,419
610,0,100,421
620,0,100,423
630,0,100,426
640,0,100,428
650,0,100,430
660,0,100,432
670,0,100,434
680,0,100,436
690,0,100,439
700,0,100,440
710,0,100,443
720,0,100,445
730,0,100,447
740,0,100,449
750,0,100,450
760,0,100,452
770,0,100,454
780,0,100,455
790,0,100,458
800,0,100,460
810,0,100,461
820,0,100,463
830,0,100,465
840,0,100,467
850,0,100,469
860,0,100,470
870,0,100,472
880,0,100,474
890,0,100,476
900,0,100,477
910,0,100,479
920,0,100,481
930,0,100,482
940,0,100,484
950,0,100,486
960,0,100,488
970,0,100,490
980,0,100,491
990,0,100,493
1000,0,100,494
1010,0,100,496
1020,0,100,497
1030,0,100,499
1040,0,100,500
1050,0,100,502
1060,0,100,503
1070,0,100,505
1080,0,100,507
1090,0,100,508
1100,0,100,510
1110,0,100,512
1120,0,100,513
1130,0,100,515
1140,0,100,516
1150,0,100,518
1160,0,100,519
1170,0,100,521
1180,0,100,522
1190,0,100,524
1200,0,100,525
1210,0,100,527
1220,0,100,529
1230,0,100,530
1240,0,100,531
1250,0,100,533
1260,0,100,534
1270,0,100,536
1280,0,100,538
1290,0,100,539
1300,0,100,541
1310,0,100,542
1320,0,100,544
1330,0,100,545
1340,0,100,547
1350,0,100,548
1360,0,100,550
1370,0,100,551
1380,0,100,552
1390,0,100,554
1400,0,100,555
1410,0,100,556
1420,0,100,558
1430,0,100,559
1440,0,100,560
1450,0,100,562
1460,0,100,564
1470,0,100,565
1480,0,100,566
1490,0,100,568
1500,0,100,569
1510,0,100,571
1520,0,100,571
1530,0,100,573
1540,0,100,574
1550,0,100,575
1560,0,100,577
1570,0,100,577
1580,0,100,578
1590,0,100,579
1600,0,100,581
1610,0,100,582
1620,0,100,583
1630,0,100,584
1640,0,100,585
1650,0,100,586
1660,0,100,588
1670,0,100,589
1680,0,100,590
1690,0,100,591
1700,0,100,592
1710,0,100,594
1720,0,100,594
1730,0,100,596
1740,0,100,597
1750,0,100,598
1760,0,100,599
1770,0,100,600
1780,0,100,601
1790,0,100,602
1800,0,100,603
1810,0,100,604
1820,0,100,605
1830,0,100,607
1840,0,100,608
1850,0,100,609
1860,0,100,611
1870,0,100,612
1880,0,100,613
1890,0,100,614
1900,0,100,615
1910,0,100,616
1920,0,100,618
1930,0,100,619
1940,0,100,620
1950,0,100,621
1960,0,100,622
1970,0,100,623
1980,0,100,624
1990,0,100,625
2000,0,100,626
2010,0,100,627
2020,0,100,627
2030,0,100,628
2040,0,100,629
2050,0,100,630
2060,0,100,631
2070,0,100,632
2080,0,100,633
2090,0,100,634
2100,0,100,635
2110,0,100,636
2120,0,100,637
2130,0,100,638
2140,0,100,639
2150,0,100,640
2160,0,100,641
2170,0,100,642
2180,0,100,643
2190,0,100,644
2200,0,100,645
2210,0,100,645
2220,0,100,646
2230,0,100,647
2240,0,100,648
2250,0,100,649
2260,0,100,650
2270,0,100,651
2280,0,100,652
2290,0,100,653
2300,0,100,654
2310,0,100,655
2320,0,100,656
2330,0,100,657
2340,0,100,657
2350,0,100,658
2360,0,100,659
2370,0,100,660
2380,0,100,660
2390,0,100,662
2400,0,100,662
2410,0,100,663
2420,0,100,664
2430,0,100,665
2440,0,100,666
2450,0,100,667
2460,0,100,668
2470,0,100,668
2480,0,100,669
2490,0,100,670
2500,0,100,671
2510,0,100,672
2520,0,100,673
2530,0,100,673
2540,0,100,674
2550,0,100,675
2560,0,100,676
2570,0,100,677
2580,0,100,677
2590,0,100,678
2600,0,100,679
2610,0,100,680
2620,0,100,681
2630,0,100,682
2640,0,100,683
2650,0,100,684
2660,0,100,685
2670,0,100,686
2680,0,100,686
2690,0,100,687
2700,0,100,688
2710,0,100,689
2720,0,100,690
2730,0,100,690
2740,0,100,691
2750,0,100,692
2760,0,100,693
2770,0,100,693
2780,0,100,694
2790,0,100,695
2800,0,100,695
2810,0,100,696
2820,0,100,697
2830,0,100,698
2840,0,100,699
2850,0,100,699
2860,0,100,700
2870,0,100,701
2880,0,100,701
2890,0,100,702
2900,0,100,703
2910,0,100,704
2920,0,100,704
2930,0,100,705
2940,0,100,706
2950,0,100,707
2960,0,100,708
2970,0,100,708
2980,0,100,709
2990,0,100,710
3000,0,100,710
3010,0,100,711
3020,0,100,712
3030,0,100,712
3040,0,100,713
3050,0,100,714
3060,0,100,715
3070,0,100,715
3080,0,100,716
3090,0,100,717
3100,0,100,718
3110,0,100,718
3120,0,100,719
3130,0,100,719
3140,0,100,720
3150,0,100,720
3160,0,100,721
3170,0,100,721
3180,0,100,722
3190,0,100,723
3200,0,100,724
3210,0,100,725
3220,0,100,726
3230,0,100,726
3240,0,100,727
3250,0,100,728
3260,0,100,729
3270,0,100,729
3280,0,100,730
3290,0,100,730
3300,0,100,731
3310,0,100,732
3320,0,100,732
3330,0,100,733
3340,0,100,734
3350,0,100,734
3360,0,100,735
3370,0,100,736
3380,0,100,736
3390,0,100,737
3400,0,100,738
3410,0,100,738
3420,0,100,739
3430,0,100,740
3440,0,100,741
3450,0,100,741
3460,0,100,742
3470,0,100,742
3480,0,100,743
3490,0,100,744
3500,0,100,744
3510,0,100,745
3520,0,100,746
3530,0,100,747
3540,0,100,748
3550,0,100,749
3560,0,100,749
3570,0,100,750
3580,0,100,750
3590,0,100,751
3600,0,100,752
3610,0,100,753
3620,0,100,754
3630,0,100,754
3640,0,100,755
3650,0,100,755
3660,0,100,756
3670,0,100,757
3680,0,100,757
3690,0,100,757
3700,0,100,758
3710,0,100,759
3720,0,100,760
3730,0,100,761
3740,0,100,762
3750,0,100,763
3760,0,100,765
3770,0,100,766
3780,0,100,767
3790,0,100,767
3800,0,100,768
3810,0,100,768
3820,0,100,769
3830,0,100,769
3840,0,100,771
3850,0,100,771
3860,0,100,772
3870,0,100,773
3880,0,100,773
3890,0,100,774
3900,0,100,774
3910,0,100,775
3920,0,100,776
3930,0,100,777
3940,0,100,778
3950,0,100,778
3960,0,100,779
3970,0,100,779
3980,0,100,780
3990,0,100,780
4000,0,100,781
4010,0,100,782
4020,0,100,783
4030,0,100,784
4040,0,100,784
4050,0,100,785
4060,0,100,786
4070,0,100,787
4080,0,100,788
4090,0,100,788
4100,0,100,789
4110,0,100,789
4120,0,100,790
4130,0,100,791
4140,0,100,792
4150,0,100,793
4160,0,100,793
4170,0,100,793
4180,0,100,794
4190,0,100,794
4200,0,100,794
4210,0,100,795
4220,0,100,795
4230,0,100,795
4240,0,100,796
4250,0,100,797
4260,0,100,798
4270,0,100,798
4280,0,100,799
4290,0,100,799
4300,0,100,800
4310,0,100,801
4320,0,100,801
4330,0,100,802
4340,0,100,802
4350,0,100,803
4360,0,100,804
4370,0,100,804
4380,0,100,805
4390,0,100,806
4400,0,100,807
4410,0,100,808
4420,0,100,809
4430,0,100,810
4440,0,100,810
4450,0,100,811
4460,0,100,812
4470,0,100,812
4480,0,100,813
4490,0,100,814
4500,0,100,815
4510,0,100,815
4520,0,100,815
4530,0,100,816
4540,0,100,816
4550,0,100,816
4560,0,100,817
4570,0,100,817
4580,0,100,817
4590,0,100,818
4600,0,100,818
4610,0,100,819
4620,0,100,820
4630,0,100,820
4640,0,100,821
4650,0,100,821
4660,0,100,822
4670,0,100,822
4680,0,100,823
4690,0,100,823
4700,0,100,824
4710,0,100,825
4720,0,100,825
4730,0,100,826
4740,0,100,826
4750,0,100,827
4760,0,100,827
4770,0,100,828
4780,0,100,828
4790,0,100,829
4800,0,100,829
4810,0,100,830
4820,0,100,830
4830,0,100,831
4840,0,100,831
4850,0,100,832
4860,0,100,832
4870,0,100,833
4880,0,100,833
4890,0,100,834
4900,0,100,834
4910,0,100,835
4920,0,100,835
4930,0,100,836
4940,0,100,836
4950,0,100,836
4960,0,100,836
4970,0,100,837
4980,0,100,837
4990,0,100,837
5000,0,100,837
5010,0,100,837
5020,0,100,838
5030,0,100,838
5040,0,100,839
5050,0,100,839
5060,0,100,839
5070,0,100,840
5080,0,100,840
5090,0,100,841
5100,0,100,841
5110,0,100,841
5120,0,100,842
5130,0,100,842
5140,0,100,843
5150,0,100,843
5160,0,100,844
5170,0,100,844
5180,0,100,845
5190,0,100,845
5200,0,100,846
5210,0,100,846
5220,0,100,847
5230,0,100,847
5240,0,100,848
5250,0,100,848
5260,0,100,849
5270,0,100,849
5280,0,100,850
5290,0,100,850
5300,0,100,850
5310,0,100,851
5320,0,100,852
5330,0,100,852
5340,0,100,853
5350,0,100,853
5360,0,100,853
5370,0,100,854
5380,0,100,854
5390,0,100,854
5400,0,100,855
5410,0,100,855
5420,0,100,855
5430,0,100,856
5440,0,100,856
5450,0,100,857
5460,0,100,857
5470,0,100,858
5480,0,100,858
5490,0,100,859
5500,0,100,859
5510,0,100,860
5520,0,100,861
5530,0,100,861
5540,0,100,862
5550,0,100,862
5560,0,100,863
5570,0,100,863
5580,0,100,864
5590,0,100,864
5600,0,100,865
5610,0,100,865
5620,0,100,866
5630,0,100,867
5640,0,100,867
5650,0,100,868
5660,0,100,868
5670,0,100,869
5680,0,100,869
5690,0,100,869
5700,0,100,870
5710,0,100,870
5720,0,100,871
5730,0,100,872
5740,0,100,872
5750,0,100,873
5760,0,100,873
5770,0,100,874
5780,0,100,874
5790,0,100,874
5800,0,100,875
5810,0,100,875
5820,0,100,876
5830,0,100,876
5840,0,100,877
5850,0,100,878
5860,0,100,878
5870,0,100,879
5880,0,100,879
5890,0,100,880
5900,0,100,880
5910,0,100,880
5920,0,100,881
5930,0,100,881
5940,0,100,882
5950,0,100,882
5960,0,100,883
5970,0,100,883
5980,0,100,884
5990,0,100,884
6000,0,100,884
6010,0,100,885
6020,0,100,885
6030,0,100,886
6040,0,100,886
6050,0,100,887
6060,0,100,887
6070,0,100,888
6080,0,100,888
6090,0,100,889
6100,0,100,889
6110,0,100,889
6120,0,100,890
6130,0,100,890
6140,0,100,890
6150,0,100,891
6160,0,100,891
6170,0,100,891
6180,0,100,892
6190,0,100,892
6200,0,100,892
6210,0,100,892
6220,0,100,893
6230,0,100,893
6240,0,100,893
6250,0,100,894
6260,0,100,894
6270,0,100,895
6280,0,100,895
6290,0,100,895
6300,0,100,896
6310,0,100,896
6320,0,100,897
6330,0,100,897
6340,0,100,897
6350,0,100,898
6360,0,100,899
6370,0,100,899
6380,0,100,900
6390,0,100,900
6400,0,100,900
6410,0,100,901
6420,0,100,901
6430,0,100,902
6440,0,100,902
6450,0,100,903
6460,0,100,903
6470,0,100,903
6480,0,100,904
6490,0,100,904
6500,0,100,905
6510,0,100,905
6520,0,100,906
6530,0,100,906
6540,0,100,907
6550,0,100,907
6560,0,100,907
6570,0,100,908
6580,0,100,908
6590,0,100,909
6600,0,100,909
6610,0,100,910
6620,0,100,910
6630,0,100,911
6640,0,100,911
6650,0,100,911
6660,0,100,912
6670,0,100,912
6680,0,100,913
6690,0,100,913
6700,0,100,914
6710,0,100,914
6720,0,100,914
6730,0,100,915
6740,0,100,916
6750,0,100,916
6760,0,100,916
6770,0,100,917
6780,0,100,917
6790,0,100,917
6800,0,100,918
6810,0,100,918
6820,0,100,918
6830,0,100,919
6840,0,100,919
6850,0,100,919
6860,0,100,920
6870,0,100,920
6880,0,100,920
6890,0,100,921
6900,0,100,921
6910,0,100,921
6920,0,100,922
6930,0,100,922
6940,0,100,922
6950,0,100,922
6960,0,100,923
6970,0,100,923
6980,0,100,924
6990,0,100,924
7000,0,100,924
7010,0,100,925
7020,0,100,925
7030,0,100,925
7040,0,100,926
7050,0,100,926
7060,0,100,926
7070,0,100,926
7080,0,100,926
7090,0,100,927
7100,0,100,927
7110,0,100,927
7120,0,100,928
7130,0,100,928
7140,0,100,928
7150,0,100,928
7160,0,100,929
7170,0,100,929
7180,0,100,930
7190,0,100,930
7200,0,100,930
7210,0,100,931
7220,0,100,931
7230,0,100,931
7240,0,100,931
7250,0,100,932
7260,0,100,932
7270,0,100,932
7280,0,100,933
7290,0,100,933
7300,0,100,934
7310,0,100,934
7320,0,100,934
7330,0,100,934
7340,0,100,935
7350,0,100,935
7360,0,100,936
7370,0,100,937
7380,0,100,937
7390,0,100,937
7400,0,100,938
7410,0,100,938
7420,0,100,939
7430,0,100,939
7440,0,100,939
7450,0,100,940
7460,0,100,940
7470,0,100,941
7480,0,100,941
7490,0,100,941
7500,0,100,941
7510,0,100,942
7520,0,100,942
7530,0,100,942
7540,0,100,943
7550,0,100,943
7560,0,100,943
7570,0,100,943
7580,0,100,944
7590,0,100,944
7600,0,100,945
7610,0,100,945
7620,0,100,945
7630,0,100,946
7640,0,100,946
7650,0,100,947
7660,0,100,947
7670,0,100,947
7680,0,100,947
7690,0,100,948
7700,0,100,949
7710,0,100,949
7720,0,100,949
7730,0,100,950
7740,0,100,950
7750,0,100,950
7760,0,100,950
7770,0,100,951
7780,0,100,951
7790,0,100,951
7800,0,100,952
7810,0,100,952
7820,0,100,952
7830,0,100,953
7840,0,100,953
7850,0,100,953
7860,0,100,954
7870,0,100,954
7880,0,100,954
7890,0,100,955
7900,0,100,955
7910,0,100,955
7920,0,100,956
7930,0,100,956
7940,0,100,956
7950,0,100,957
7960,0,100,957
7970,0,100,958
7980,0,100,958
7990,0,100,958
8000,0,100,959
8010,0,100,959
8020,0,100,959
8030,0,100,959
8040,0,100,960
8050,0,100,960
8060,0,100,960
8070,0,100,961
8080,0,100,961
8090,0,100,962
8100,0,100,962
8110,0,100,962
8120,0,100,963
8130,0,100,963
8140,0,100,963
8150,0,100,964
8160,0,100,964
8170,0,100,965
8180,0,100,965
8190,0,100,965
8200,0,100,966
8210,0,100,966
8220,0,100,966
8230,0,100,966
8240,0,100,967
8250,0,100,967
8260,0,100,967
8270,0,100,968
8280,0,100,968
8290,0,100,968
8300,0,100,969
8310,0,100,969
8320,0,100,969
8330,0,100,970
8340,0,100,970
8350,0,100,971
8360,0,100,971
8370,0,100,971
8380,0,100,971
8390,0,100,971
8400,0,100,972
8410,0,100,972
8420,0,100,972
8430,0,100,972
8440,0,100,973
8450,0,100,973
8460,0,100,973
8470,0,100,974
8480,0,100,974
8490,0,100,974
8500,0,100,975
8510,0,100,975
8520,0,100,975
8530,0,100,976
8540,0,100,976
8550,0,100,976
8560,0,100,977
8570,0,100,977
8580,0,100,977
8590,0,100,978
8600,0,100,978
8610,0,100,978
8620,0,100,978
8630,0,100,979
8640,0,100,979
8650,0,100,979
8660,0,100,979
8670,0,100,979
8680,0,100,980
8690,0,100,980
8700,0,100,980
8710,0,100,981
8720,0,100,981
8730,0,100,981
8740,0,100,981
8750,0,100,982
8760,0,100,982
8770,0,100,982
8780,0,100,982
8790,0,100,983
8800,0,100,983
8810,0,100,983
8820,0,100,983
8830,0,100,984
8840,0,100,984
8850,0,100,984
8860,0,100,985
8870,0,100,985
8880,0,100,985
8890,0,100,986
8900,0,100,986
8910,0,100,986
8920,0,100,987
8930,0,100,987
8940,0,100,988
8950,0,100,988
8960,0,100,988
8970,0,100,988
8980,0,100,989
8990,0,100,989
9000,0,100,989
9010,0,100,989
9020,0,100,989
9030,0,100,989
9040,0,100,990
9050,0,100,990
9060,0,100,991
9070,0,100,991
9080,0,100,991
9090,0,100,991
9100,0,100,991
9110,0,100,991
9120,0,100,991
9130,0,100,991
9140,0,100,991
9150,0,100,991
9160,0,100,991
9170,0,100,991
9180,0,100,991
9190,0,100,991
9200,0,100,991
9210,0,100,992
9220,0,100,992
9230,0,100,992
9240,0,100,992
9250,0,100,992
9260,0,100,993
9270,0,100,993
9280,0,100,993
9290,0,100,993
9300,0,100,994
9310,0,100,994
9320,0,100,994
9330,0,100,994
9340,0,100,994
9350,0,100,994
9360,0,100,995
9370,0,100,995
9380,0,100,995
9390,0,100,996
9400,0,100,996
9410,0,100,996
9420,0,100,996
9430,0,100,997
9440,0,100,997
9450,0,100,997
9460,0,100,997
9470,0,100,998
9480,0,100,998
9490,0,100,998
9500,0,100,999
9510,0,100,999
9520,0,100,999
9530,1,95,1000
9540,1,95,1000
9550,1,95,999
9560,1,95,999
9570,1,95,999
9580,1,95,999
9590,1,95,999
9600,1,95,999
9610,1,95,999
9620,1,95,999
9630,1,95,999
9640,1,95,999
9650,1,95,999
9660,1,95,999
9670,1,95,999
9680,1,95,999
9690,1,95,1000
9700,1,95,1000
9710,1,95,1000
9720,1,95,1000
9730,1,95,1000
9740,1,95,1000
9750,1,95,1000
9760,1,95,1000
9770,1,95,1001
9780,1,95,1001
9790,1,95,1001
9800,1,95,1001
9810,1,95,1001
9820,1,95,1002
9830,1,95,1002
9840,1,95,1002
9850,1,95,1002
9860,1,95,1002
9870,1,95,1002
9880,1,95,1002
9890,1,95,1003
9900,1,95,1003
9910,1,95,1003
9920,1,95,1003
9930,1,95,1003
9940,1,95,1003
9950,1,95,1003
9960,1,95,1003
9970,1,95,1003
9980,1,95,1003
9990,1,95,1004
10000,1,95,1004
10010,1,95,1004
10020,1,95,1004
10030,1,95,1004
10040,1,95,1004
10050,1,95,1004
10060,1,95,1005
10070,1,95,1004
10080,1,95,1005
10090,1,95,1005
10100,1,95,1005
10110,1,95,1005
10120,1,95,1005
10130,1,90,1005
10140,1,90,1005
10150,1,90,1004
10160,1,90,1004
10170,1,90,1004
10180,1,90,1003
10190,1,90,1003
10200,1,90,1003
10210,1,90,1003
10220,1,90,1003
10230,1,90,1003
10240,1,90,1003
10250,1,90,1003
10260,1,90,1003
10270,1,90,1002
10280,1,90,1003
10290,1,90,1003
10300,1,90,1003
10310,1,90,1003
10320,1,90,1003
10330,1,90,1003
10340,1,90,1003
10350,1,90,1003
10360,1,90,1003
10370,1,90,1003
10380,1,90,1003
10390,1,90,1003
10400,1,90,1003
10410,1,90,1003
10420,1,90,1003
10430,1,90,1003
10440,1,90,1003
10450,1,90,1003
10460,1,90,1003
10470,1,90,1003
10480,1,90,1003
10490,1,90,1003
10500,1,90,1003
10510,1,90,1003
10520,1,90,1003
10530,1,90,1003
10540,1,90,1003
10550,1,90,1003
10560,1,90,1004
10570,1,90,1004
10580,1,90,1004
10590,1,90,1004
10600,1,90,1005
10610,1,90,1004
10620,1,90,1005
10630,1,90,1005
10640,1,90,1005
10650,1,90,1005
10660,1,90,1005
10670,1,90,1006
10680,1,90,1006
10690,1,90,1006
10700,1,90,1006
10710,1,90,1006
10720,1,90,1006
10730,1,85,1006
10740,1,85,1006
10750,1,85,1006
10760,1,85,1005
10770,1,85,1005
10780,1,85,1005
10790,1,85,1004
10800,1,85,1004
10810,1,85,1004
10820,1,85,1004
10830,1,85,1004
10840,1,85,1004
10850,1,85,1004
10860,1,85,1004
10870,1,85,1004
10880,1,85,1004
10890,1,85,1004
10900,1,85,1004
10910,1,85,1004
10920,1,85,1004
10930,1,85,1004
10940,1,85,1004
10950,1,85,1004
10960,1,85,1004
10970,1,85,1004
10980,1,85,1004
10990,1,85,1005
11000,1,85,1004
11010,1,85,1005
11020,1,85,1005
11030,1,85,1005
11040,1,85,1005
11050,1,85,1005
11060,1,85,1005
11070,1,85,1005
11080,1,85,1005
11090,1,85,1005
11100,1,85,1005
11110,1,85,1005
11120,1,85,1005
11130,1,85,1005
11140,1,85,1005
11150,1,85,1005
11160,1,85,1005
11170,1,85,1005
11180,1,85,1006
11190,1,85,1006
11200,1,85,1006
11210,1,85,1006
11220,1,85,1006
11230,1,85,1006
11240,1,85,1006
11250,1,85,1007
11260,1,85,1006
11270,1,85,1006
11280,1,85,1006
11290,1,85,1007
11300,1,85,1007
11310,1,85,1007
11320,1,85,1007
11330,1,80,1007
11340,1,80,1007
11350,1,80,1006
11360,1,80,1006
11370,1,80,1005
11380,1,80,1005
11390,1,80,1005
11400,1,80,1005
11410,1,80,1005
11420,1,80,1005
11430,1,80,1005
11440,1,80,1005
11450,1,80,1005
11460,1,80,1005
11470,1,80,1004
11480,1,80,1004
11490,1,80,1004
11500,1,80,1004
11510,1,80,1004
11520,1,80,1004
11530,1,80,1004
11540,1,80,1004
11550,1,80,1004
11560,1,80,1004
11570,1,80,1004
11580,1,80,1004
11590,1,80,1004
11600,1,80,1004
11610,1,80,1004
11620,1,80,1004
11630,1,80,1004
11640,1,80,1004
11650,1,80,1004
11660,1,80,1004
11670,1,80,1004
11680,1,80,1004
11690,1,80,1004
11700,1,80,1003
11710,1,80,1004
11720,1,80,1004
11730,1,80,1004
11740,1,80,1003
11750,1,80,1004
11760,1,80,1003
11770,1,80,1003
11780,1,80,1003
11790,1,80,1003
11800,1,80,1003
11810,1,80,1003
11820,1,80,1003
11830,1,80,1003
11840,1,80,1003
11850,1,80,1003
11860,1,80,1003
11870,1,80,1003
11880,1,80,1002
11890,1,80,1003
11900,1,80,1003
11910,1,80,1003
11920,1,80,1003
11930,1,75,1003
11940,1,75,1002
11950,1,75,1002
11960,1,75,1001
11970,1,75,1001
11980,1,75,1000
11990,1,75,1000
12000,1,75,1000
12010,1,75,1000
12020,1,75,1000
12030,1,75,999
12040,1,75,999
12050,1,75,999
12060,1,75,999
12070,1,75,999
12080,1,75,998
12090,1,75,998
12100,1,75,998
12110,1,75,998
12120,1,75,998
12130,1,75,998
12140,1,75,998
12150,1,75,998
12160,1,75,998
12170,1,75,998
12180,1,75,998
12190,1,75,998
12200,1,75,998
12210,1,75,998
12220,1,75,997
12230,1,75,997
12240,1,75,997
12250,1,75,997
12260,1,75,997
12270,1,75,997
12280,1,75,997
12290,1,75,997
12300,1,75,997
12310,1,75,997
12320,1,75,997
12330,1,75,997
12340,1,75,997
12350,1,75,997
12360,1,75,997
12370,1,75,997
12380,1,75,997
12390,1,75,997
12400,1,75,997
12410,1,75,997
12420,1,75,997
12430,1,75,997
12440,1,75,997
12450,1,75,997
12460,1,75,997
12470,1,75,997
12480,1,75,997
12490,1,75,997
12500,1,75,997
12510,1,75,996
12520,1,75,997
12530,1,70,996
12540,1,70,996
12550,1,70,995
12560,1,70,994
12570,1,70,994
12580,1,70,994
12590,1,70,993
12600,1,70,993
12610,1,70,993
12620,1,70,993
12630,1,70,992
12640,1,70,992
12650,1,70,992
12660,1,70,992
12670,1,70,991
12680,1,70,991
12690,1,70,991
12700,1,70,991
12710,1,70,991
12720,1,70,991
12730,1,70,990
12740,1,70,990
12750,1,70,990
12760,1,70,990
12770,1,70,990
12780,1,70,989
12790,1,70,989
12800,1,70,989
12810,1,70,989
12820,1,70,989
12830,1,70,988
12840,1,70,989
12850,1,70,989
12860,1,70,989
12870,1,70,989
12880,1,70,988
12890,1,70,988
12900,1,70,988
12910,1,70,988
12920,1,70,988
12930,1,70,988
12940,1,70,988
12950,1,70,988
12960,1,70,988
12970,1,70,988
12980,1,70,987
12990,1,70,988
13000,1,70,987
13010,1,70,987
13020,1,70,987
13030,1,70,987
13040,1,70,987
13050,1,70,987
13060,1,70,987
13070,1,70,987
13080,1,70,987
13090,1,70,987
13100,1,70,987
13110,1,70,986
13120,1,70,986
13130,1,65,986
13140,1,65,986
13150,1,65,985
13160,1,65,984
13170,1,65,983
13180,1,65,983
13190,1,65,983
13200,1,65,982
13210,1,65,982
13220,1,65,982
13230,1,65,981
13240,1,65,981
13250,1,65,981
13260,1,65,980
13270,1,65,980
13280,1,65,980
13290,1,65,980
13300,1,65,980
13310,1,65,979
13320,1,65,979
13330,1,65,979
13340,1,65,978
13350,1,65,978
13360,1,65,978
13370,1,65,978
13380,1,65,978
13390,1,65,978
13400,1,65,978
13410,1,65,977
13420,1,65,977
13430,1,65,977
13440,1,65,977
13450,1,65,977
13460,1,65,977
13470,1,65,977
13480,1,65,976
13490,1,65,976
13500,1,65,976
13510,1,65,976
13520,1,65,976
13530,1,65,976
13540,1,65,975
13550,1,65,975
13560,1,65,975
13570,1,65,975
13580,1,65,975
13590,1,65,975
13600,1,65,975
13610,1,65,975
13620,1,65,975
13630,1,65,974
13640,1,65,974
13650,1,65,974
13660,1,65,974
13670,1,65,974
13680,1,65,974
13690,1,65,974
13700,1,65,974
13710,1,65,974
13720,1,65,974
13730,1,60,974
13740,1,60,973
13750,1,60,972
13760,1,60,972
13770,1,60,971
13780,1,60,971
13790,1,60,970
13800,1,60,969
13810,1,60,969
13820,1,60,969
13830,1,60,969
13840,1,60,968
13850,1,60,968
13860,1,60,968
13870,1,60,967
13880,1,60,967
13890,1,60,967
13900,1,60,967
13910,1,60,966
13920,1,60,966
13930,1,60,965
13940,1,60,965
13950,1,60,965
13960,1,60,965
13970,1,60,964
13980,1,60,964
13990,1,60,964
14000,1,60,964
14010,1,60,964
14020,1,60,963
14030,1,60,963
14040,1,60,963
14050,1,60,963
14060,1,60,962
14070,1,60,962
14080,1,60,962
14090,1,60,961
14100,1,60,961
14110,1,60,961
14120,1,60,961
14130,1,60,961
14140,1,60,961
14150,1,60,960
14160,1,60,960
14170,1,60,960
14180,1,60,960
14190,1,60,959
14200,1,60,959
14210,1,60,959
14220,1,60,959
14230,1,60,959
14240,1,60,959
14250,1,60,959
14260,1,60,959
14270,1,60,959
14280,1,60,958
14290,1,60,958
14300,1,60,958
14310,1,60,958
14320,1,60,958
14330,1,55,958
14340,1,55,957
14350,1,55,956
14360,1,55,956
14370,1,55,955
14380,1,55,954
14390,1,55,954
14400,1,55,953
14410,1,55,953
14420,1,55,953
14430,1,55,952
14440,1,55,952
14450,1,55,952
14460,1,55,952
14470,1,55,951
14480,1,55,951
14490,1,55,951
14500,1,55,951
14510,1,55,951
14520,1,55,950
14530,1,55,950
14540,1,55,950
14550,1,55,950
14560,1,55,949
14570,1,55,949
14580,1,55,949
14590,1,55,949
14600,1,55,948
14610,1,55,948
14620,1,55,948
14630,1,55,947
14640,1,55,947
14650,1,55,946
14660,1,55,946
14670,1,55,946
14680,1,55,946
14690,1,55,945
14700,1,55,945
14710,1,55,945
14720,1,55,944
14730,1,55,944
14740,1,55,944
14750,1,55,944
14760,1,55,944
14770,1,55,943
14780,1,55,943
14790,1,55,942
14800,1,55,942
14810,1,55,942
14820,1,55,942
14830,1,55,941
14840,1,55,941
14850,1,55,941
14860,1,55,940
14870,1,55,940
14880,1,55,940
14890,1,55,940
14900,1,55,940
14910,1,55,939
14920,1,55,939
14930,1,50,939
14940,1,50,938
14950,1,50,937
14960,1,50,936
14970,1,50,936
14980,1,50,935
14990,1,50,935
15000,1,50,934
15010,1,50,934
15020,1,50,933
15030,1,50,933
15040,1,50,933
15050,1,50,932
15060,1,50,931
15070,1,50,931
15080,1,50,931
15090,1,50,931
15100,1,50,931
15110,1,50,930
15120,1,50,930
15130,1,50,929
15140,1,50,929
15150,1,50,929
15160,1,50,928
15170,1,50,928
15180,1,50,927
15190,1,50,928
15200,1,50,927
15210,1,50,927
15220,1,50,927
15230,1,50,926
15240,1,50,926
15250,1,50,926
15260,1,50,926
15270,1,50,925
15280,1,50,925
15290,1,50,925
15300,1,50,925
15310,1,50,924
15320,1,50,924
15330,1,50,924
15340,1,50,924
15350,1,50,924
15360,1,50,924
15370,1,50,923
15380,1,50,923
15390,1,50,923
15400,1,50,923
15410,1,50,922
15420,1,50,922
15430,1,50,922
15440,1,50,922
15450,1,50,922
15460,1,50,922
15470,1,50,921
15480,1,50,921
15490,1,50,921
15500,1,50,920
15510,1,50,920
15520,1,50,920
15530,1,45,920
